<?xml version="1.0" encoding="UTF-8"?>
<testsuite xmlns:xsi="http://www.w3.org/2001/XMLSchema-instance" xsi:noNamespaceSchemaLocation="https://maven.apache.org/surefire/maven-surefire-plugin/xsd/surefire-test-report-3.0.xsd" version="3.0" name="edu.brown.cs.student.Testing.serverTesting.BroadbandHandlerTest" time="6.415" tests="6" errors="0" skipped="0" failures="0">
  <properties>
[...]
</properties>
  <testcase name="testNoBroadbandParams" classname="edu.brown.cs.student.Testing.serverTesting.BroadbandHandlerTest" time="0.389">
    <system-err><![CDATA[SLF4J: Failed to load class "org.slf4j.impl.StaticLoggerBinder".
SLF4J: Defaulting to no-operation (NOP) logger implementation
SLF4J: See http://www.slf4j.org/codes.html#StaticLoggerBinder for further details.
]]></system-err>
  </testcase>
  <testcase name="testIncorrectBroadbandParams" classname="edu.brown.cs.student.Testing.serverTesting.BroadbandHandlerTest" time="0.004"/>
  <testcase name="testBroadbandIncorrectState" classname="edu.brown.cs.student.Testing.serverTesting.BroadbandHandlerTest" time="0.84"/>
  <testcase name="testBroadbandSuccess" classname="edu.brown.cs.student.Testing.serverTesting.BroadbandHandlerTest" time="1.996"/>
  <testcase name="testBroadbandSmallCounty" classname="edu.brown.cs.student.Testing.serverTesting.BroadbandHandlerTest" time="2.051"/>
  <testcase name="testBroadbandIncorrectCounty" classname="edu.brown.cs.student.Testing.serverTesting.BroadbandHandlerTest" time="1.118"/>
</testsuite>